<?xml version="1.0" encoding="UTF-8"?>
<!-- Generated by org.testng.reporters.JUnitReportReporter -->
<testsuite hostname="LAPTOP-1L18HO1S" failures="0" tests="4" name="Test_Cases_Package.Test_Case_01" time="8.759" errors="0" timestamp="2024-03-25T18:09:54 IST" skipped="2">
  <testcase classname="Test_Cases_Package.Test_Case_01" name="Test_Case_002" time="3.912"/>
  <testcase classname="Test_Cases_Package.Test_Case_01" name="Test_Case_002" time="4.847"/>
  <testcase classname="Test_Cases_Package.Test_Case_01" name="Test_Case_001">
    <skipped/>
  </testcase> <!-- Test_Case_001 -->
  <testcase classname="Test_Cases_Package.Test_Case_01" name="Test_Case_001">
    <skipped/>
  </testcase> <!-- Test_Case_001 -->
</testsuite> <!-- Test_Cases_Package.Test_Case_01 -->
