<?xml version="1.0" encoding="UTF-8"?>
<!-- Generated by org.testng.reporters.JUnitReportReporter -->
<testsuite hostname="LAPTOP-1L18HO1S" failures="0" tests="1" name="Test_Cases_Package.Test_Case_03" time="2.511" errors="0" timestamp="2024-04-10T10:45:57 IST" skipped="0">
  <testcase classname="Test_Cases_Package.Test_Case_03" name="Test_Case_Login_Page" time="2.511"/>
</testsuite> <!-- Test_Cases_Package.Test_Case_03 -->
